<?xml version="1.0" encoding="UTF-8"?>
<!-- Generated by org.testng.reporters.JUnitReportReporter -->
<testsuite hostname="AKM_Laptop" failures="0" tests="3" name="com.tutorialsninja.TestCases.RegisterTest" time="16.839" errors="0" timestamp="2024-01-22T19:40:26 EST" skipped="0">
  <testcase classname="com.tutorialsninja.TestCases.RegisterTest" name="verifyRegisterWithAllFields" time="5.430"/>
  <testcase classname="com.tutorialsninja.TestCases.RegisterTest" name="verifyRegisterWithMandatoryFields" time="6.233"/>
  <testcase classname="com.tutorialsninja.TestCases.RegisterTest" name="verifyRegisterWithExistingEmail" time="5.176"/>
</testsuite> <!-- com.tutorialsninja.TestCases.RegisterTest -->
