<?xml version="1.0" encoding="UTF-8"?>
<!-- Generated by org.testng.reporters.JUnitReportReporter -->
<testsuite hostname="AKM_Laptop" failures="0" tests="1" name="com.tutorialsninja.TestCases.LoginTest" time="5.004" errors="0" timestamp="2024-01-22T19:53:43 EST" skipped="0">
  <testcase classname="com.tutorialsninja.TestCases.LoginTest" name="verifyLoginWithInvalidCrendentials" time="5.004"/>
</testsuite> <!-- com.tutorialsninja.TestCases.LoginTest -->
