<?xml version="1.0" encoding="UTF-8"?>
<!-- Generated by org.testng.reporters.JUnitReportReporter -->
<testsuite hostname="AKM_Laptop" failures="0" tests="1" name="com.tutorialsninja.TestCases.AddToCartTest" time="14.613" errors="0" timestamp="2024-01-25T19:58:16 EST" skipped="0">
  <testcase classname="com.tutorialsninja.TestCases.AddToCartTest" name="testCase1" time="14.613"/>
</testsuite> <!-- com.tutorialsninja.TestCases.AddToCartTest -->
