<?xml version="1.0" encoding="UTF-8"?>
<!-- Generated by org.testng.reporters.JUnitReportReporter -->
<testsuite hostname="AKM_Laptop" failures="0" tests="3" name="com.tutorialsninja.TestCases.SearchProductTest" time="12.465" errors="0" timestamp="2024-01-22T19:40:26 EST" skipped="0">
  <testcase classname="com.tutorialsninja.TestCases.SearchProductTest" name="verifyValidProduct" time="4.315"/>
  <testcase classname="com.tutorialsninja.TestCases.SearchProductTest" name="verifyInvalidProduct" time="3.886"/>
  <testcase classname="com.tutorialsninja.TestCases.SearchProductTest" name="verifyNoProduct" time="4.264"/>
</testsuite> <!-- com.tutorialsninja.TestCases.SearchProductTest -->
